{
  "RSpec": {
    "coverage": {
      "/Users/troysnowden/Documents/Makers Projects/oop-week4/oyster/lib/oystercard.rb": {
        "lines": [
          1,
          null,
          1,
          1,
          1,
          1,
          1,
          1,
          null,
          null,
          1,
          13,
          13,
          null,
          null,
          1,
          4,
          null,
          null,
          1,
          15,
          15,
          null,
          null,
          null,
          1,
          14,
          null,
          null,
          1,
          null,
          1,
          29,
          null,
          null,
          1,
          15,
          null,
          null,
          1,
          13,
          13,
          null,
          null,
          1,
          4,
          null,
          null,
          1,
          28,
          null,
          null,
          1,
          13,
          null,
          null,
          1,
          13,
          13,
          13,
          null,
          null,
          null
        ]
      },
      "/Users/troysnowden/Documents/Makers Projects/oop-week4/oyster/lib/journey.rb": {
        "lines": [
          1,
          1,
          1,
          1,
          1,
          null,
          19,
          null,
          null,
          null,
          null,
          1,
          14,
          null,
          null,
          1,
          1,
          null,
          null
        ]
      },
      "/Users/troysnowden/Documents/Makers Projects/oop-week4/oyster/lib/station.rb": {
        "lines": [
          1,
          null,
          1,
          null,
          1,
          2,
          2,
          null,
          null
        ]
      }
    },
    "timestamp": 1632912068
  }
}
