{
  "RSpec": {
    "coverage": {
      "/Users/tombaxter/Documents/makers-projects/oyster/lib/oystercard.rb": {
        "lines": [
          1,
          null,
          1,
          1,
          1,
          1,
          1,
          null,
          null,
          1,
          14,
          14,
          null,
          null,
          1,
          4,
          null,
          null,
          1,
          5,
          null,
          null,
          1,
          15,
          null,
          null,
          null,
          1,
          13,
          null,
          null,
          1,
          null,
          1,
          15,
          null,
          null,
          1,
          13,
          13,
          null,
          null,
          1,
          4,
          null,
          null,
          1,
          28,
          null,
          null,
          1,
          13,
          null,
          null,
          1,
          13,
          13,
          13,
          null,
          null,
          null
        ]
      },
      "/Users/tombaxter/Documents/makers-projects/oyster/lib/journey.rb": {
        "lines": [
          1,
          1,
          1,
          1,
          1,
          null,
          19,
          null,
          null,
          null,
          null,
          1,
          14,
          null,
          null,
          1,
          1,
          null,
          null
        ]
      },
      "/Users/tombaxter/Documents/makers-projects/oyster/lib/station.rb": {
        "lines": [
          1,
          null,
          1,
          null,
          1,
          2,
          2,
          null,
          null
        ]
      }
    },
    "timestamp": 1632909781
  }
}
